Performing C SOURCE FILE Test CMAKE_HAVE_LIBC_PTHREAD failed with the following output:
Change Dir: /home/rikibot/robotCourseDesign2024/build/CMakeFiles/CMakeScratch/TryCompile-SbeXMM

Run Build Command(s):/usr/bin/make -f Makefile cmTC_e0ba1/fast && /usr/bin/make  -f CMakeFiles/cmTC_e0ba1.dir/build.make CMakeFiles/cmTC_e0ba1.dir/build
make[1]: 进入目录“/home/rikibot/robotCourseDesign2024/build/CMakeFiles/CMakeScratch/TryCompile-SbeXMM”
Building C object CMakeFiles/cmTC_e0ba1.dir/src.c.o
/usr/bin/cc -DCMAKE_HAVE_LIBC_PTHREAD   -o CMakeFiles/cmTC_e0ba1.dir/src.c.o -c /home/rikibot/robotCourseDesign2024/build/CMakeFiles/CMakeScratch/TryCompile-SbeXMM/src.c
Linking C executable cmTC_e0ba1
/usr/local/lib/python3.6/dist-packages/cmake/data/bin/cmake -E cmake_link_script CMakeFiles/cmTC_e0ba1.dir/link.txt --verbose=1
/usr/bin/cc -rdynamic CMakeFiles/cmTC_e0ba1.dir/src.c.o -o cmTC_e0ba1 
CMakeFiles/cmTC_e0ba1.dir/src.c.o：在函数‘main’中：
src.c:(.text+0x48)：对‘pthread_create’未定义的引用
src.c:(.text+0x50)：对‘pthread_detach’未定义的引用
src.c:(.text+0x58)：对‘pthread_cancel’未定义的引用
src.c:(.text+0x64)：对‘pthread_join’未定义的引用
src.c:(.text+0x74)：对‘pthread_atfork’未定义的引用
collect2: error: ld returned 1 exit status
CMakeFiles/cmTC_e0ba1.dir/build.make:98: recipe for target 'cmTC_e0ba1' failed
make[1]: *** [cmTC_e0ba1] Error 1
make[1]: 离开目录“/home/rikibot/robotCourseDesign2024/build/CMakeFiles/CMakeScratch/TryCompile-SbeXMM”
Makefile:127: recipe for target 'cmTC_e0ba1/fast' failed
make: *** [cmTC_e0ba1/fast] Error 2


Source file was:
#include <pthread.h>

static void* test_func(void* data)
{
  return data;
}

int main(void)
{
  pthread_t thread;
  pthread_create(&thread, NULL, test_func, NULL);
  pthread_detach(thread);
  pthread_cancel(thread);
  pthread_join(thread, NULL);
  pthread_atfork(NULL, NULL, NULL);
  pthread_exit(NULL);

  return 0;
}


Determining if the function pthread_create exists in the pthreads failed with the following output:
Change Dir: /home/rikibot/robotCourseDesign2024/build/CMakeFiles/CMakeScratch/TryCompile-zK2nYg

Run Build Command(s):/usr/bin/make -f Makefile cmTC_8fa01/fast && /usr/bin/make  -f CMakeFiles/cmTC_8fa01.dir/build.make CMakeFiles/cmTC_8fa01.dir/build
make[1]: 进入目录“/home/rikibot/robotCourseDesign2024/build/CMakeFiles/CMakeScratch/TryCompile-zK2nYg”
Building C object CMakeFiles/cmTC_8fa01.dir/CheckFunctionExists.c.o
/usr/bin/cc   -DCHECK_FUNCTION_EXISTS=pthread_create -o CMakeFiles/cmTC_8fa01.dir/CheckFunctionExists.c.o -c /home/rikibot/robotCourseDesign2024/build/CMakeFiles/CMakeScratch/TryCompile-zK2nYg/CheckFunctionExists.c
Linking C executable cmTC_8fa01
/usr/local/lib/python3.6/dist-packages/cmake/data/bin/cmake -E cmake_link_script CMakeFiles/cmTC_8fa01.dir/link.txt --verbose=1
/usr/bin/cc  -DCHECK_FUNCTION_EXISTS=pthread_create -rdynamic CMakeFiles/cmTC_8fa01.dir/CheckFunctionExists.c.o -o cmTC_8fa01  -lpthreads 
/usr/bin/ld: 找不到 -lpthreads
collect2: error: ld returned 1 exit status
CMakeFiles/cmTC_8fa01.dir/build.make:98: recipe for target 'cmTC_8fa01' failed
make[1]: *** [cmTC_8fa01] Error 1
make[1]: 离开目录“/home/rikibot/robotCourseDesign2024/build/CMakeFiles/CMakeScratch/TryCompile-zK2nYg”
Makefile:127: recipe for target 'cmTC_8fa01/fast' failed
make: *** [cmTC_8fa01/fast] Error 2



